<?xml version="1.0" encoding="UTF-8"?>
<!-- Generated by org.testng.reporters.JUnitReportReporter -->
<testsuite hostname="LAPTOP-IUGDUUJK" failures="0" tests="1" name="Test_classes.patch_TC1" time="4.117" errors="0" timestamp="2023-07-01T20:18:05 IST" skipped="0">
  <testcase classname="Test_classes.patch_TC1" name="extractor" time="4.117"/>
</testsuite> <!-- Test_classes.patch_TC1 -->
