<?xml version="1.0" encoding="UTF-8"?>
<!-- Generated by org.testng.reporters.JUnitReportReporter -->
<testsuite hostname="LAPTOP-IUGDUUJK" failures="0" tests="1" name="Test_classes.Post_TC1" time="4.620" errors="0" timestamp="2023-07-01T20:17:45 IST" skipped="0">
  <testcase classname="Test_classes.Post_TC1" name="extractor" time="4.620"/>
</testsuite> <!-- Test_classes.Post_TC1 -->
